<?xml version="1.0" encoding="UTF-8"?>
<coverage generated="1374895479">
  <project timestamp="1374895479">
    <package name="Icecave\Parity">
      <file name="/home/travis/build/IcecaveStudios/parity/lib/Icecave/Parity/AbstractComparable.php">
        <class name="AbstractComparable" namespace="Icecave\Parity">
          <metrics methods="7" coveredmethods="7" conditionals="0" coveredconditionals="0" statements="14" coveredstatements="14" elements="21" coveredelements="21"/>
        </class>
        <line num="8" type="method" name="__construct" crap="1" count="6"/>
        <line num="10" type="stmt" count="6"/>
        <line num="11" type="stmt" count="6"/>
        <line num="18" type="method" name="isEqualTo" crap="1" count="1"/>
        <line num="20" type="stmt" count="1"/>
        <line num="22" type="stmt" count="1"/>
        <line num="30" type="method" name="isNotEqualTo" crap="1" count="1"/>
        <line num="32" type="stmt" count="1"/>
        <line num="34" type="stmt" count="1"/>
        <line num="42" type="method" name="isLessThan" crap="1" count="1"/>
        <line num="44" type="stmt" count="1"/>
        <line num="46" type="stmt" count="1"/>
        <line num="54" type="method" name="isGreaterThan" crap="1" count="1"/>
        <line num="56" type="stmt" count="1"/>
        <line num="58" type="stmt" count="1"/>
        <line num="66" type="method" name="isLessThanOrEqualTo" crap="1" count="1"/>
        <line num="68" type="stmt" count="1"/>
        <line num="70" type="stmt" count="1"/>
        <line num="78" type="method" name="isGreaterThanOrEqualTo" crap="1" count="1"/>
        <line num="80" type="stmt" count="1"/>
        <line num="82" type="stmt" count="1"/>
        <line num="87" type="stmt" count="0"/>
        <metrics loc="86" ncloc="56" classes="1" methods="7" coveredmethods="7" conditionals="0" coveredconditionals="0" statements="14" coveredstatements="14" elements="21" coveredelements="21"/>
      </file>
      <file name="/home/travis/build/IcecaveStudios/parity/lib/Icecave/Parity/ExtendedComparableTrait.php">
        <class name="ExtendedComparableTrait" namespace="Icecave\Parity">
          <metrics methods="7" coveredmethods="6" conditionals="0" coveredconditionals="0" statements="6" coveredstatements="6" elements="13" coveredelements="12"/>
        </class>
        <line num="11" type="method" name="isEqualTo" crap="1" count="1"/>
        <line num="13" type="stmt" count="1"/>
        <line num="21" type="method" name="isNotEqualTo" crap="1" count="1"/>
        <line num="23" type="stmt" count="1"/>
        <line num="31" type="method" name="isLessThan" crap="1" count="1"/>
        <line num="33" type="stmt" count="1"/>
        <line num="41" type="method" name="isGreaterThan" crap="1" count="1"/>
        <line num="43" type="stmt" count="1"/>
        <line num="51" type="method" name="isLessThanOrEqualTo" crap="1" count="1"/>
        <line num="53" type="stmt" count="1"/>
        <line num="61" type="method" name="isGreaterThanOrEqualTo" crap="1" count="1"/>
        <line num="63" type="stmt" count="1"/>
        <line num="73" type="method" name="compare" crap="1" count="0"/>
        <line num="75" type="stmt" count="1"/>
        <metrics loc="74" ncloc="37" classes="1" methods="6" coveredmethods="6" conditionals="0" coveredconditionals="0" statements="6" coveredstatements="6" elements="12" coveredelements="12"/>
      </file>
      <file name="/home/travis/build/IcecaveStudios/parity/lib/Icecave/Parity/Parity.php">
        <class name="Parity" namespace="Icecave\Parity">
          <metrics methods="7" coveredmethods="7" conditionals="0" coveredconditionals="0" statements="22" coveredstatements="22" elements="29" coveredelements="29"/>
        </class>
        <line num="17" type="method" name="compare" crap="4" count="12"/>
        <line num="19" type="stmt" count="12"/>
        <line num="21" type="stmt" count="12"/>
        <line num="22" type="stmt" count="6"/>
        <line num="23" type="stmt" count="1"/>
        <line num="24" type="stmt" count="1"/>
        <line num="26" type="stmt" count="6"/>
        <line num="29" type="stmt" count="6"/>
        <line num="30" type="stmt" count="1"/>
        <line num="31" type="stmt" count="1"/>
        <line num="33" type="stmt" count="6"/>
        <line num="43" type="method" name="isEqualTo" crap="1" count="2"/>
        <line num="45" type="stmt" count="2"/>
        <line num="47" type="stmt" count="2"/>
        <line num="57" type="method" name="isNotEqualTo" crap="1" count="2"/>
        <line num="59" type="stmt" count="2"/>
        <line num="61" type="stmt" count="2"/>
        <line num="71" type="method" name="isLessThan" crap="1" count="2"/>
        <line num="73" type="stmt" count="2"/>
        <line num="75" type="stmt" count="2"/>
        <line num="85" type="method" name="isGreaterThan" crap="1" count="2"/>
        <line num="87" type="stmt" count="2"/>
        <line num="89" type="stmt" count="2"/>
        <line num="99" type="method" name="isLessThanOrEqualTo" crap="1" count="2"/>
        <line num="101" type="stmt" count="2"/>
        <line num="103" type="stmt" count="2"/>
        <line num="113" type="method" name="isGreaterThanOrEqualTo" crap="1" count="2"/>
        <line num="115" type="stmt" count="2"/>
        <line num="117" type="stmt" count="2"/>
        <line num="123" type="stmt" count="0"/>
        <metrics loc="122" ncloc="73" classes="1" methods="7" coveredmethods="7" conditionals="0" coveredconditionals="0" statements="22" coveredstatements="22" elements="29" coveredelements="29"/>
      </file>
    </package>
    <file name="/home/travis/build/IcecaveStudios/parity/lib/Icecave/Parity/ComparableInterface.php">
      <line num="24" type="stmt" count="0"/>
      <metrics loc="23" ncloc="7" classes="0" methods="0" coveredmethods="0" conditionals="0" coveredconditionals="0" statements="0" coveredstatements="0" elements="0" coveredelements="0"/>
    </file>
    <package name="Icecave\Parity\Comparator">
      <file name="/home/travis/build/IcecaveStudios/parity/lib/Icecave/Parity/Comparator/AbstractComparator.php">
        <class name="AbstractComparator" namespace="Icecave\Parity\Comparator">
          <metrics methods="4" coveredmethods="3" conditionals="0" coveredconditionals="0" statements="20" coveredstatements="20" elements="24" coveredelements="23"/>
        </class>
        <line num="11" type="method" name="__construct" crap="1" count="15"/>
        <line num="13" type="stmt" count="15"/>
        <line num="14" type="stmt" count="15"/>
        <line num="32" type="method" name="compare" crap="7" count="15"/>
        <line num="34" type="stmt" count="15"/>
        <line num="36" type="stmt" count="15"/>
        <line num="37" type="stmt" count="11"/>
        <line num="38" type="stmt" count="2"/>
        <line num="39" type="stmt" count="9"/>
        <line num="40" type="stmt" count="2"/>
        <line num="42" type="stmt" count="7"/>
        <line num="44" type="stmt" count="11"/>
        <line num="45" type="stmt" count="9"/>
        <line num="46" type="stmt" count="3"/>
        <line num="47" type="stmt" count="6"/>
        <line num="48" type="stmt" count="3"/>
        <line num="50" type="stmt" count="3"/>
        <line num="52" type="stmt" count="5"/>
        <line num="61" type="method" name="defaultCompare" crap="1" count="0"/>
        <line num="69" type="method" name="canCompare" crap="2" count="15"/>
        <line num="71" type="stmt" count="15"/>
        <line num="73" type="stmt" count="15"/>
        <line num="74" type="stmt" count="10"/>
        <line num="77" type="stmt" count="11"/>
        <line num="82" type="stmt" count="0"/>
        <metrics loc="81" ncloc="53" classes="1" methods="3" coveredmethods="3" conditionals="0" coveredconditionals="0" statements="20" coveredstatements="20" elements="23" coveredelements="23"/>
      </file>
      <file name="/home/travis/build/IcecaveStudios/parity/lib/Icecave/Parity/Comparator/Comparator.php">
        <class name="Comparator" namespace="Icecave\Parity\Comparator">
          <metrics methods="2" coveredmethods="2" conditionals="0" coveredconditionals="0" statements="11" coveredstatements="11" elements="13" coveredelements="13"/>
        </class>
        <line num="8" type="method" name="__construct" crap="1" count="269"/>
        <line num="10" type="stmt" count="269"/>
        <line num="12" type="stmt" count="269"/>
        <line num="13" type="stmt" count="269"/>
        <line num="21" type="method" name="defaultCompare" crap="4" count="269"/>
        <line num="23" type="stmt" count="269"/>
        <line num="25" type="stmt" count="269"/>
        <line num="26" type="stmt" count="268"/>
        <line num="29" type="stmt" count="1"/>
        <line num="30" type="stmt" count="1"/>
        <line num="31" type="stmt" count="1"/>
        <line num="32" type="stmt" count="1"/>
        <line num="35" type="stmt" count="1"/>
        <line num="40" type="stmt" count="0"/>
        <metrics loc="39" ncloc="33" classes="1" methods="2" coveredmethods="2" conditionals="0" coveredconditionals="0" statements="11" coveredstatements="11" elements="13" coveredelements="13"/>
      </file>
      <file name="/home/travis/build/IcecaveStudios/parity/lib/Icecave/Parity/Comparator/DeepComparator.php">
        <class name="DeepComparator" namespace="Icecave\Parity\Comparator">
          <metrics methods="6" coveredmethods="6" conditionals="0" coveredconditionals="0" statements="69" coveredstatements="69" elements="75" coveredelements="75"/>
        </class>
        <line num="9" type="method" name="__construct" crap="1" count="294"/>
        <line num="11" type="stmt" count="294"/>
        <line num="13" type="stmt" count="294"/>
        <line num="14" type="stmt" count="294"/>
        <line num="22" type="method" name="defaultCompare" crap="1" count="294"/>
        <line num="24" type="stmt" count="294"/>
        <line num="26" type="stmt" count="294"/>
        <line num="28" type="stmt" count="294"/>
        <line num="37" type="method" name="compareValue" crap="8" count="294"/>
        <line num="39" type="stmt" count="294"/>
        <line num="41" type="stmt" count="294"/>
        <line num="42" type="stmt" count="271"/>
        <line num="45" type="stmt" count="26"/>
        <line num="46" type="stmt" count="5"/>
        <line num="47" type="stmt" count="26"/>
        <line num="48" type="stmt" count="16"/>
        <line num="49" type="stmt" count="21"/>
        <line num="50" type="stmt" count="17"/>
        <line num="51" type="stmt" count="21"/>
        <line num="52" type="stmt" count="17"/>
        <line num="55" type="stmt" count="21"/>
        <line num="64" type="method" name="compareArray" crap="7" count="16"/>
        <line num="66" type="stmt" count="16"/>
        <line num="68" type="stmt" count="16"/>
        <line num="69" type="stmt" count="16"/>
        <line num="70" type="stmt" count="4"/>
        <line num="73" type="stmt" count="14"/>
        <line num="74" type="stmt" count="14"/>
        <line num="76" type="stmt" count="14"/>
        <line num="77" type="stmt" count="14"/>
        <line num="78" type="stmt" count="14"/>
        <line num="80" type="stmt" count="14"/>
        <line num="81" type="stmt" count="6"/>
        <line num="84" type="stmt" count="13"/>
        <line num="85" type="stmt" count="13"/>
        <line num="86" type="stmt" count="1"/>
        <line num="89" type="stmt" count="13"/>
        <line num="90" type="stmt" count="13"/>
        <line num="91" type="stmt" count="11"/>
        <line num="93" type="stmt" count="6"/>
        <line num="95" type="stmt" count="6"/>
        <line num="104" type="method" name="compareObject" crap="3" count="16"/>
        <line num="106" type="stmt" count="16"/>
        <line num="108" type="stmt" count="16"/>
        <line num="109" type="stmt" count="16"/>
        <line num="112" type="stmt" count="14"/>
        <line num="113" type="stmt" count="14"/>
        <line num="114" type="stmt" count="3"/>
        <line num="117" type="stmt" count="12"/>
        <line num="118" type="stmt" count="12"/>
        <line num="119" type="stmt" count="12"/>
        <line num="120" type="stmt" count="12"/>
        <line num="128" type="method" name="objectProperties" crap="5" count="12"/>
        <line num="130" type="stmt" count="12"/>
        <line num="132" type="stmt" count="12"/>
        <line num="133" type="stmt" count="12"/>
        <line num="135" type="stmt" count="2"/>
        <line num="137" type="stmt" count="12"/>
        <line num="140" type="stmt" count="12"/>
        <line num="141" type="stmt" count="12"/>
        <line num="143" type="stmt" count="12"/>
        <line num="144" type="stmt" count="12"/>
        <line num="145" type="stmt" count="12"/>
        <line num="146" type="stmt" count="5"/>
        <line num="149" type="stmt" count="12"/>
        <line num="150" type="stmt" count="12"/>
        <line num="151" type="stmt" count="12"/>
        <line num="152" type="stmt" count="12"/>
        <line num="153" type="stmt" count="12"/>
        <line num="155" type="stmt" count="12"/>
        <line num="156" type="stmt" count="12"/>
        <line num="157" type="stmt" count="12"/>
        <line num="159" type="stmt" count="12"/>
        <line num="160" type="stmt" count="12"/>
        <line num="162" type="stmt" count="12"/>
        <line num="168" type="stmt" count="0"/>
        <metrics loc="167" ncloc="136" classes="1" methods="6" coveredmethods="6" conditionals="0" coveredconditionals="0" statements="69" coveredstatements="69" elements="75" coveredelements="75"/>
      </file>
    </package>
    <file name="/home/travis/build/IcecaveStudios/parity/lib/Icecave/Parity/Comparator/ComparatorInterface.php">
      <line num="24" type="stmt" count="0"/>
      <metrics loc="23" ncloc="7" classes="0" methods="0" coveredmethods="0" conditionals="0" coveredconditionals="0" statements="0" coveredstatements="0" elements="0" coveredelements="0"/>
    </file>
    <file name="/home/travis/build/IcecaveStudios/parity/lib/Icecave/Parity/DelegatingComparableInterface.php">
      <line num="27" type="stmt" count="0"/>
      <metrics loc="26" ncloc="9" classes="0" methods="0" coveredmethods="0" conditionals="0" coveredconditionals="0" statements="0" coveredstatements="0" elements="0" coveredelements="0"/>
    </file>
    <package name="Icecave\Parity\Exception">
      <file name="/home/travis/build/IcecaveStudios/parity/lib/Icecave/Parity/Exception/NotComparableException.php">
        <class name="NotComparableException" namespace="Icecave\Parity\Exception">
          <metrics methods="1" coveredmethods="1" conditionals="0" coveredconditionals="0" statements="10" coveredstatements="10" elements="11" coveredelements="11"/>
        </class>
        <line num="16" type="method" name="__construct" crap="1" count="1"/>
        <line num="18" type="stmt" count="1"/>
        <line num="20" type="stmt" count="1"/>
        <line num="21" type="stmt" count="1"/>
        <line num="22" type="stmt" count="1"/>
        <line num="23" type="stmt" count="1"/>
        <line num="24" type="stmt" count="1"/>
        <line num="25" type="stmt" count="1"/>
        <line num="26" type="stmt" count="1"/>
        <line num="28" type="stmt" count="1"/>
        <line num="29" type="stmt" count="1"/>
        <line num="33" type="stmt" count="0"/>
        <metrics loc="32" ncloc="27" classes="1" methods="1" coveredmethods="1" conditionals="0" coveredconditionals="0" statements="10" coveredstatements="10" elements="11" coveredelements="11"/>
      </file>
    </package>
    <file name="/home/travis/build/IcecaveStudios/parity/lib/Icecave/Parity/ExtendedComparableInterface.php">
      <line num="48" type="stmt" count="0"/>
      <metrics loc="47" ncloc="17" classes="0" methods="0" coveredmethods="0" conditionals="0" coveredconditionals="0" statements="0" coveredstatements="0" elements="0" coveredelements="0"/>
    </file>
    <file name="/home/travis/build/IcecaveStudios/parity/lib/Icecave/Parity/RestrictedComparableInterface.php">
      <line num="18" type="stmt" count="0"/>
      <metrics loc="17" ncloc="7" classes="0" methods="0" coveredmethods="0" conditionals="0" coveredconditionals="0" statements="0" coveredstatements="0" elements="0" coveredelements="0"/>
    </file>
    <metrics files="12" loc="737" ncloc="462" classes="7" methods="32" coveredmethods="32" conditionals="0" coveredconditionals="0" statements="152" coveredstatements="152" elements="184" coveredelements="184"/>
  </project>
</coverage>
