<?xml version="1.0" encoding="UTF-8"?>
<testsuites>
  <testsuite name="" tests="66" assertions="243" failures="0" errors="0" time="0.907750">
    <testsuite name="Icecave\Parity\AbstractComparableTest" file="/home/travis/build/IcecaveStudios/parity/test/suite/Icecave/Parity/AbstractComparableTest.php" namespace="Icecave\Parity" fullPackage="Icecave.Parity" tests="6" assertions="18" failures="0" errors="0" time="0.103627">
      <testcase name="testIsEqualTo" class="Icecave\Parity\AbstractComparableTest" file="/home/travis/build/IcecaveStudios/parity/test/suite/Icecave/Parity/AbstractComparableTest.php" line="30" assertions="3" time="0.027679"/>
      <testcase name="testIsNotEqualTo" class="Icecave\Parity\AbstractComparableTest" file="/home/travis/build/IcecaveStudios/parity/test/suite/Icecave/Parity/AbstractComparableTest.php" line="37" assertions="3" time="0.015306"/>
      <testcase name="testIsLessThan" class="Icecave\Parity\AbstractComparableTest" file="/home/travis/build/IcecaveStudios/parity/test/suite/Icecave/Parity/AbstractComparableTest.php" line="44" assertions="3" time="0.015280"/>
      <testcase name="testIsGreaterThan" class="Icecave\Parity\AbstractComparableTest" file="/home/travis/build/IcecaveStudios/parity/test/suite/Icecave/Parity/AbstractComparableTest.php" line="51" assertions="3" time="0.015183"/>
      <testcase name="testIsLessThanOrEqualTo" class="Icecave\Parity\AbstractComparableTest" file="/home/travis/build/IcecaveStudios/parity/test/suite/Icecave/Parity/AbstractComparableTest.php" line="58" assertions="3" time="0.015134"/>
      <testcase name="testIsGreaterThanOrEqualTo" class="Icecave\Parity\AbstractComparableTest" file="/home/travis/build/IcecaveStudios/parity/test/suite/Icecave/Parity/AbstractComparableTest.php" line="65" assertions="3" time="0.015045"/>
    </testsuite>
    <testsuite name="Icecave\Parity\Comparator\AbstractComparatorTest" file="/home/travis/build/IcecaveStudios/parity/test/suite/Icecave/Parity/Comparator/AbstractComparatorTest.php" namespace="Icecave\Parity\Comparator" fullPackage="Icecave.Parity.Comparator" tests="15" assertions="40" failures="0" errors="0" time="0.355418">
      <testcase name="testDefaultCompare" class="Icecave\Parity\Comparator\AbstractComparatorTest" file="/home/travis/build/IcecaveStudios/parity/test/suite/Icecave/Parity/Comparator/AbstractComparatorTest.php" line="50" assertions="2" time="0.035169"/>
      <testcase name="testCompareWithLHSComparable" class="Icecave\Parity\Comparator\AbstractComparatorTest" file="/home/travis/build/IcecaveStudios/parity/test/suite/Icecave/Parity/Comparator/AbstractComparatorTest.php" line="57" assertions="2" time="0.019554"/>
      <testcase name="testCompareWithLHSRestrictedComparable" class="Icecave\Parity\Comparator\AbstractComparatorTest" file="/home/travis/build/IcecaveStudios/parity/test/suite/Icecave/Parity/Comparator/AbstractComparatorTest.php" line="64" assertions="3" time="0.021826"/>
      <testcase name="testCompareWithLHSRestrictedComparableCanNotCompare" class="Icecave\Parity\Comparator\AbstractComparatorTest" file="/home/travis/build/IcecaveStudios/parity/test/suite/Icecave/Parity/Comparator/AbstractComparatorTest.php" line="74" assertions="4" time="0.024913"/>
      <testcase name="testCompareWithLHSDelegatingComparable" class="Icecave\Parity\Comparator\AbstractComparatorTest" file="/home/travis/build/IcecaveStudios/parity/test/suite/Icecave/Parity/Comparator/AbstractComparatorTest.php" line="89" assertions="2" time="0.019084"/>
      <testcase name="testCompareWithLHSDelegatingRestrictedComparable" class="Icecave\Parity\Comparator\AbstractComparatorTest" file="/home/travis/build/IcecaveStudios/parity/test/suite/Icecave/Parity/Comparator/AbstractComparatorTest.php" line="96" assertions="3" time="0.022718"/>
      <testcase name="testCompareWithLHSDelegatingRestrictedComparableCanNotCompare" class="Icecave\Parity\Comparator\AbstractComparatorTest" file="/home/travis/build/IcecaveStudios/parity/test/suite/Icecave/Parity/Comparator/AbstractComparatorTest.php" line="106" assertions="4" time="0.024775"/>
      <testcase name="testCompareWithRHSComparable" class="Icecave\Parity\Comparator\AbstractComparatorTest" file="/home/travis/build/IcecaveStudios/parity/test/suite/Icecave/Parity/Comparator/AbstractComparatorTest.php" line="121" assertions="2" time="0.018284"/>
      <testcase name="testCompareWithRHSRestrictedComparable" class="Icecave\Parity\Comparator\AbstractComparatorTest" file="/home/travis/build/IcecaveStudios/parity/test/suite/Icecave/Parity/Comparator/AbstractComparatorTest.php" line="128" assertions="3" time="0.023399"/>
      <testcase name="testCompareWithRHSRestrictedComparableCanNotCompare" class="Icecave\Parity\Comparator\AbstractComparatorTest" file="/home/travis/build/IcecaveStudios/parity/test/suite/Icecave/Parity/Comparator/AbstractComparatorTest.php" line="138" assertions="4" time="0.025002"/>
      <testcase name="testCompareWithRHSDelegatingComparable" class="Icecave\Parity\Comparator\AbstractComparatorTest" file="/home/travis/build/IcecaveStudios/parity/test/suite/Icecave/Parity/Comparator/AbstractComparatorTest.php" line="153" assertions="2" time="0.018987"/>
      <testcase name="testCompareWithRHSDelegatingRestrictedComparable" class="Icecave\Parity\Comparator\AbstractComparatorTest" file="/home/travis/build/IcecaveStudios/parity/test/suite/Icecave/Parity/Comparator/AbstractComparatorTest.php" line="160" assertions="3" time="0.022737"/>
      <testcase name="testCompareWithRHSDelegatingRestrictedComparableCanNotCompare" class="Icecave\Parity\Comparator\AbstractComparatorTest" file="/home/travis/build/IcecaveStudios/parity/test/suite/Icecave/Parity/Comparator/AbstractComparatorTest.php" line="170" assertions="4" time="0.025597"/>
      <testcase name="testCompareTwoRestrictedInverts" class="Icecave\Parity\Comparator\AbstractComparatorTest" file="/home/travis/build/IcecaveStudios/parity/test/suite/Icecave/Parity/Comparator/AbstractComparatorTest.php" line="185" assertions="1" time="0.025852"/>
      <testcase name="testCompareTwoDelegatingRestrictedInverts" class="Icecave\Parity\Comparator\AbstractComparatorTest" file="/home/travis/build/IcecaveStudios/parity/test/suite/Icecave/Parity/Comparator/AbstractComparatorTest.php" line="203" assertions="1" time="0.027521"/>
    </testsuite>
    <testsuite name="Icecave\Parity\Comparator\ComparatorTest" file="/home/travis/build/IcecaveStudios/parity/test/suite/Icecave/Parity/Comparator/ComparatorTest.php" namespace="Icecave\Parity\Comparator" fullPackage="Icecave.Parity.Comparator" tests="1" assertions="3" failures="0" errors="0" time="0.008517">
      <testcase name="testDefaultCompare" class="Icecave\Parity\Comparator\ComparatorTest" file="/home/travis/build/IcecaveStudios/parity/test/suite/Icecave/Parity/Comparator/ComparatorTest.php" line="13" assertions="3" time="0.008517"/>
    </testsuite>
    <testsuite name="Icecave\Parity\Comparator\DeepComparatorTest" file="/home/travis/build/IcecaveStudios/parity/test/suite/Icecave/Parity/Comparator/DeepComparatorTest.php" namespace="Icecave\Parity\Comparator" fullPackage="Icecave.Parity.Comparator" tests="25" assertions="126" failures="0" errors="0" time="0.279314">
      <testcase name="testDefaultCompareNull" class="Icecave\Parity\Comparator\DeepComparatorTest" file="/home/travis/build/IcecaveStudios/parity/test/suite/Icecave/Parity/Comparator/DeepComparatorTest.php" line="16" assertions="9" time="0.011227"/>
      <testcase name="testDefaultCompareBoolean" class="Icecave\Parity\Comparator\DeepComparatorTest" file="/home/travis/build/IcecaveStudios/parity/test/suite/Icecave/Parity/Comparator/DeepComparatorTest.php" line="33" assertions="4" time="0.006733"/>
      <testcase name="testDefaultCompareInteger" class="Icecave\Parity\Comparator\DeepComparatorTest" file="/home/travis/build/IcecaveStudios/parity/test/suite/Icecave/Parity/Comparator/DeepComparatorTest.php" line="42" assertions="8" time="0.010114"/>
      <testcase name="testDefaultCompareFloat" class="Icecave\Parity\Comparator\DeepComparatorTest" file="/home/travis/build/IcecaveStudios/parity/test/suite/Icecave/Parity/Comparator/DeepComparatorTest.php" line="56" assertions="8" time="0.010066"/>
      <testcase name="testDefaultCompareString" class="Icecave\Parity\Comparator\DeepComparatorTest" file="/home/travis/build/IcecaveStudios/parity/test/suite/Icecave/Parity/Comparator/DeepComparatorTest.php" line="70" assertions="10" time="0.011227"/>
      <testcase name="testDefaultCompareBasic" class="Icecave\Parity\Comparator\DeepComparatorTest" file="/home/travis/build/IcecaveStudios/parity/test/suite/Icecave/Parity/Comparator/DeepComparatorTest.php" line="86" assertions="3" time="0.006339"/>
      <testcase name="testDefaultCompareWithArrayAndNonArray" class="Icecave\Parity\Comparator\DeepComparatorTest" file="/home/travis/build/IcecaveStudios/parity/test/suite/Icecave/Parity/Comparator/DeepComparatorTest.php" line="93" assertions="2" time="0.005641"/>
      <testcase name="testDefaultCompareWithArrays" class="Icecave\Parity\Comparator\DeepComparatorTest" file="/home/travis/build/IcecaveStudios/parity/test/suite/Icecave/Parity/Comparator/DeepComparatorTest.php" line="102" assertions="11" time="0.016777"/>
      <testcase name="testDefaultCompareWithAsocArrays" class="Icecave\Parity\Comparator\DeepComparatorTest" file="/home/travis/build/IcecaveStudios/parity/test/suite/Icecave/Parity/Comparator/DeepComparatorTest.php" line="124" assertions="10" time="0.015709"/>
      <testcase name="testDefaultCompareWithObjectAndNonObjectScalar" class="Icecave\Parity\Comparator\DeepComparatorTest" file="/home/travis/build/IcecaveStudios/parity/test/suite/Icecave/Parity/Comparator/DeepComparatorTest.php" line="145" assertions="2" time="0.007929"/>
      <testcase name="testDefaultCompareWithObjectAndNonObjectArray" class="Icecave\Parity\Comparator\DeepComparatorTest" file="/home/travis/build/IcecaveStudios/parity/test/suite/Icecave/Parity/Comparator/DeepComparatorTest.php" line="151" assertions="2" time="0.005617"/>
      <testcase name="testDefaultCompareWithObjectsDifferentClassTypes" class="Icecave\Parity\Comparator\DeepComparatorTest" file="/home/travis/build/IcecaveStudios/parity/test/suite/Icecave/Parity/Comparator/DeepComparatorTest.php" line="160" assertions="1" time="0.005629"/>
      <testcase name="testDefaultCompareWithObjectsDifferentInnerClassTypes" class="Icecave\Parity\Comparator\DeepComparatorTest" file="/home/travis/build/IcecaveStudios/parity/test/suite/Icecave/Parity/Comparator/DeepComparatorTest.php" line="165" assertions="1" time="0.006707"/>
      <testcase name="testDefaultCompareWithObjectsParentAndDerived" class="Icecave\Parity\Comparator\DeepComparatorTest" file="/home/travis/build/IcecaveStudios/parity/test/suite/Icecave/Parity/Comparator/DeepComparatorTest.php" line="176" assertions="1" time="0.005501"/>
      <testcase name="testDefaultCompareWithSimpleObjects" class="Icecave\Parity\Comparator\DeepComparatorTest" file="/home/travis/build/IcecaveStudios/parity/test/suite/Icecave/Parity/Comparator/DeepComparatorTest.php" line="181" assertions="6" time="0.018621"/>
      <testcase name="testDefaultCompareWithSimpleObjectsHavingDifferentTotalProperties" class="Icecave\Parity\Comparator\DeepComparatorTest" file="/home/travis/build/IcecaveStudios/parity/test/suite/Icecave/Parity/Comparator/DeepComparatorTest.php" line="207" assertions="3" time="0.009047"/>
      <testcase name="testDefaultCompareWithObjects" class="Icecave\Parity\Comparator\DeepComparatorTest" file="/home/travis/build/IcecaveStudios/parity/test/suite/Icecave/Parity/Comparator/DeepComparatorTest.php" line="222" assertions="6" time="0.014490"/>
      <testcase name="testDefaultCompareWithObjectsHavingUndeclaredProperties" class="Icecave\Parity\Comparator\DeepComparatorTest" file="/home/travis/build/IcecaveStudios/parity/test/suite/Icecave/Parity/Comparator/DeepComparatorTest.php" line="240" assertions="6" time="0.014384"/>
      <testcase name="testDefaultCompareWithObjectsHavingSharedInnerObject" class="Icecave\Parity\Comparator\DeepComparatorTest" file="/home/travis/build/IcecaveStudios/parity/test/suite/Icecave/Parity/Comparator/DeepComparatorTest.php" line="264" assertions="6" time="0.014222"/>
      <testcase name="testDefaultCompareWithSimpleObjectsRecursion" class="Icecave\Parity\Comparator\DeepComparatorTest" file="/home/travis/build/IcecaveStudios/parity/test/suite/Icecave/Parity/Comparator/DeepComparatorTest.php" line="284" assertions="4" time="0.011964"/>
      <testcase name="testDefaultCompareWithSimpleObjectsDoubleRecursion" class="Icecave\Parity\Comparator\DeepComparatorTest" file="/home/travis/build/IcecaveStudios/parity/test/suite/Icecave/Parity/Comparator/DeepComparatorTest.php" line="308" assertions="4" time="0.014262"/>
      <testcase name="testDefaultCompareWithSimpleObjectsBothHavingObject1AsFirstProperty" class="Icecave\Parity\Comparator\DeepComparatorTest" file="/home/travis/build/IcecaveStudios/parity/test/suite/Icecave/Parity/Comparator/DeepComparatorTest.php" line="334" assertions="4" time="0.010845"/>
      <testcase name="testDefaultCompareWithSimpleObjectsCrossReference" class="Icecave\Parity\Comparator\DeepComparatorTest" file="/home/travis/build/IcecaveStudios/parity/test/suite/Icecave/Parity/Comparator/DeepComparatorTest.php" line="351" assertions="4" time="0.008993"/>
      <testcase name="testDefaultCompareWithObjectsRecursive" class="Icecave\Parity\Comparator\DeepComparatorTest" file="/home/travis/build/IcecaveStudios/parity/test/suite/Icecave/Parity/Comparator/DeepComparatorTest.php" line="368" assertions="6" time="0.020859"/>
      <testcase name="testDefaultCompareWithObjectsHavingInternalArraysAndObjects" class="Icecave\Parity\Comparator\DeepComparatorTest" file="/home/travis/build/IcecaveStudios/parity/test/suite/Icecave/Parity/Comparator/DeepComparatorTest.php" line="392" assertions="5" time="0.016411"/>
    </testsuite>
    <testsuite name="Icecave\Parity\Exception\NotComparableExceptionTest" file="/home/travis/build/IcecaveStudios/parity/test/suite/Icecave/Parity/Exception/NotComparableExceptionTest.php" namespace="Icecave\Parity\Exception" fullPackage="Icecave.Parity.Exception" tests="1" assertions="2" failures="0" errors="0" time="0.008668">
      <testcase name="testException" class="Icecave\Parity\Exception\NotComparableExceptionTest" file="/home/travis/build/IcecaveStudios/parity/test/suite/Icecave/Parity/Exception/NotComparableExceptionTest.php" line="9" assertions="2" time="0.008668"/>
    </testsuite>
    <testsuite name="Icecave\Parity\ExtendedComparableTraitTest" file="/home/travis/build/IcecaveStudios/parity/test/suite/Icecave/Parity/ExtendedComparableTraitTest.php" namespace="Icecave\Parity" fullPackage="Icecave.Parity" tests="6" assertions="18" failures="0" errors="0" time="0.070409">
      <testcase name="testIsEqualTo" class="Icecave\Parity\ExtendedComparableTraitTest" file="/home/travis/build/IcecaveStudios/parity/test/suite/Icecave/Parity/ExtendedComparableTraitTest.php" line="22" assertions="3" time="0.015936"/>
      <testcase name="testIsNotEqualTo" class="Icecave\Parity\ExtendedComparableTraitTest" file="/home/travis/build/IcecaveStudios/parity/test/suite/Icecave/Parity/ExtendedComparableTraitTest.php" line="29" assertions="3" time="0.010981"/>
      <testcase name="testIsLessThan" class="Icecave\Parity\ExtendedComparableTraitTest" file="/home/travis/build/IcecaveStudios/parity/test/suite/Icecave/Parity/ExtendedComparableTraitTest.php" line="36" assertions="3" time="0.010803"/>
      <testcase name="testIsGreaterThan" class="Icecave\Parity\ExtendedComparableTraitTest" file="/home/travis/build/IcecaveStudios/parity/test/suite/Icecave/Parity/ExtendedComparableTraitTest.php" line="43" assertions="3" time="0.010835"/>
      <testcase name="testIsLessThanOrEqualTo" class="Icecave\Parity\ExtendedComparableTraitTest" file="/home/travis/build/IcecaveStudios/parity/test/suite/Icecave/Parity/ExtendedComparableTraitTest.php" line="50" assertions="3" time="0.010853"/>
      <testcase name="testIsGreaterThanOrEqualTo" class="Icecave\Parity\ExtendedComparableTraitTest" file="/home/travis/build/IcecaveStudios/parity/test/suite/Icecave/Parity/ExtendedComparableTraitTest.php" line="57" assertions="3" time="0.011000"/>
    </testsuite>
    <testsuite name="Icecave\Parity\ParityTest" file="/home/travis/build/IcecaveStudios/parity/test/suite/Icecave/Parity/ParityTest.php" namespace="Icecave\Parity" fullPackage="Icecave.Parity" tests="12" assertions="36" failures="0" errors="0" time="0.081798">
      <testcase name="testIsEqualTo" class="Icecave\Parity\ParityTest" file="/home/travis/build/IcecaveStudios/parity/test/suite/Icecave/Parity/ParityTest.php" line="16" assertions="3" time="0.008944"/>
      <testcase name="testIsNotEqualTo" class="Icecave\Parity\ParityTest" file="/home/travis/build/IcecaveStudios/parity/test/suite/Icecave/Parity/ParityTest.php" line="23" assertions="3" time="0.006800"/>
      <testcase name="testIsLessThan" class="Icecave\Parity\ParityTest" file="/home/travis/build/IcecaveStudios/parity/test/suite/Icecave/Parity/ParityTest.php" line="30" assertions="3" time="0.007035"/>
      <testcase name="testIsGreaterThan" class="Icecave\Parity\ParityTest" file="/home/travis/build/IcecaveStudios/parity/test/suite/Icecave/Parity/ParityTest.php" line="37" assertions="3" time="0.006784"/>
      <testcase name="testIsLessThanOrEqualTo" class="Icecave\Parity\ParityTest" file="/home/travis/build/IcecaveStudios/parity/test/suite/Icecave/Parity/ParityTest.php" line="44" assertions="3" time="0.006673"/>
      <testcase name="testIsGreaterThanOrEqualTo" class="Icecave\Parity\ParityTest" file="/home/travis/build/IcecaveStudios/parity/test/suite/Icecave/Parity/ParityTest.php" line="51" assertions="3" time="0.006721"/>
      <testcase name="testIsEqualToWithDefaultComparator" class="Icecave\Parity\ParityTest" file="/home/travis/build/IcecaveStudios/parity/test/suite/Icecave/Parity/ParityTest.php" line="58" assertions="3" time="0.006542"/>
      <testcase name="testIsNotEqualToWithDefaultComparator" class="Icecave\Parity\ParityTest" file="/home/travis/build/IcecaveStudios/parity/test/suite/Icecave/Parity/ParityTest.php" line="65" assertions="3" time="0.006338"/>
      <testcase name="testIsLessThanWithDefaultComparator" class="Icecave\Parity\ParityTest" file="/home/travis/build/IcecaveStudios/parity/test/suite/Icecave/Parity/ParityTest.php" line="72" assertions="3" time="0.006389"/>
      <testcase name="testIsGreaterThanWithDefaultComparator" class="Icecave\Parity\ParityTest" file="/home/travis/build/IcecaveStudios/parity/test/suite/Icecave/Parity/ParityTest.php" line="79" assertions="3" time="0.006615"/>
      <testcase name="testIsLessThanOrEqualToWithDefaultComparator" class="Icecave\Parity\ParityTest" file="/home/travis/build/IcecaveStudios/parity/test/suite/Icecave/Parity/ParityTest.php" line="86" assertions="3" time="0.006473"/>
      <testcase name="testIsGreaterThanOrEqualToWithDefaultComparator" class="Icecave\Parity\ParityTest" file="/home/travis/build/IcecaveStudios/parity/test/suite/Icecave/Parity/ParityTest.php" line="93" assertions="3" time="0.006484"/>
    </testsuite>
  </testsuite>
</testsuites>
